2009-11-04 14:13:22 Debug: Notice (8): Undefined variable: Settings in [APP\views\layouts\default.ctp, line 8]
2009-11-04 14:13:22 Debug: Notice (8): Undefined variable: Settings in [APP\views\layouts\default.ctp, line 9]
2009-11-04 14:13:22 Debug: Notice (8): Undefined variable: Settings in [APP\views\layouts\default.ctp, line 16]
2009-11-04 14:13:22 Debug: Notice (8): Undefined variable: Settings in [APP\views\layouts\default.ctp, line 28]
2009-11-04 14:13:22 Debug: Notice (8): Undefined variable: Settings in [APP\views\layouts\default.ctp, line 31]
2009-11-04 14:13:22 Debug: Notice (8): Undefined variable: plugin_name in [APP\views\layouts\default.ctp, line 35]
2009-11-04 14:13:22 Debug: Notice (8): Undefined variable: menu in [APP\views\layouts\default.ctp, line 43]
2009-11-04 14:35:27 Debug: Notice (8): Undefined variable: Settings in [APP\views\layouts\default.ctp, line 8]
2009-11-04 14:35:27 Debug: Notice (8): Undefined variable: Settings in [APP\views\layouts\default.ctp, line 9]
2009-11-04 14:35:27 Debug: Notice (8): Undefined variable: Settings in [APP\views\layouts\default.ctp, line 16]
2009-11-04 14:35:27 Debug: Notice (8): Undefined variable: Settings in [APP\views\layouts\default.ctp, line 28]
2009-11-04 14:35:27 Debug: Notice (8): Undefined variable: Settings in [APP\views\layouts\default.ctp, line 31]
2009-11-04 14:35:27 Debug: Notice (8): Undefined variable: plugin_name in [APP\views\layouts\default.ctp, line 35]
2009-11-04 14:35:27 Debug: Notice (8): Undefined variable: menu in [APP\views\layouts\default.ctp, line 43]
2009-11-04 14:35:57 Debug: Notice (8): Undefined variable: Settings in [APP\views\layouts\default.ctp, line 8]
2009-11-04 14:35:57 Debug: Notice (8): Undefined variable: Settings in [APP\views\layouts\default.ctp, line 9]
2009-11-04 14:35:57 Debug: Notice (8): Undefined variable: Settings in [APP\views\layouts\default.ctp, line 16]
2009-11-04 14:35:57 Debug: Notice (8): Undefined variable: Settings in [APP\views\layouts\default.ctp, line 28]
2009-11-04 14:35:58 Debug: Notice (8): Undefined variable: Settings in [APP\views\layouts\default.ctp, line 31]
2009-11-04 14:35:58 Debug: Notice (8): Undefined variable: plugin_name in [APP\views\layouts\default.ctp, line 35]
2009-11-04 14:35:58 Debug: Notice (8): Undefined variable: menu in [APP\views\layouts\default.ctp, line 43]
2009-11-04 14:36:14 Debug: Notice (8): Undefined variable: Settings in [APP\views\layouts\default.ctp, line 8]
2009-11-04 14:36:14 Debug: Notice (8): Undefined variable: Settings in [APP\views\layouts\default.ctp, line 9]
2009-11-04 14:36:14 Debug: Notice (8): Undefined variable: Settings in [APP\views\layouts\default.ctp, line 16]
2009-11-04 14:36:14 Debug: Notice (8): Undefined variable: Settings in [APP\views\layouts\default.ctp, line 28]
2009-11-04 14:36:14 Debug: Notice (8): Undefined variable: Settings in [APP\views\layouts\default.ctp, line 31]
2009-11-04 14:36:14 Debug: Notice (8): Undefined variable: plugin_name in [APP\views\layouts\default.ctp, line 35]
2009-11-04 14:36:14 Debug: Notice (8): Undefined variable: menu in [APP\views\layouts\default.ctp, line 43]
2009-11-04 14:39:32 Debug: Notice (8): Undefined variable: Settings in [APP\views\layouts\default.ctp, line 8]
2009-11-04 14:39:32 Debug: Notice (8): Undefined variable: Settings in [APP\views\layouts\default.ctp, line 9]
2009-11-04 14:39:32 Debug: Notice (8): Undefined variable: Settings in [APP\views\layouts\default.ctp, line 16]
2009-11-04 14:39:32 Debug: Notice (8): Undefined variable: Settings in [APP\views\layouts\default.ctp, line 28]
2009-11-04 14:39:32 Debug: Notice (8): Undefined variable: Settings in [APP\views\layouts\default.ctp, line 31]
2009-11-04 14:39:32 Debug: Notice (8): Undefined variable: plugin_name in [APP\views\layouts\default.ctp, line 35]
2009-11-04 14:39:32 Debug: Notice (8): Undefined variable: menu in [APP\views\layouts\default.ctp, line 43]
2009-11-04 17:38:52 Debug: Notice (8): Undefined variable: Settings in [APP\views\layouts\default.ctp, line 8]
2009-11-04 17:38:52 Debug: Notice (8): Undefined variable: Settings in [APP\views\layouts\default.ctp, line 9]
2009-11-04 17:38:52 Debug: Notice (8): Undefined variable: Settings in [APP\views\layouts\default.ctp, line 16]
2009-11-04 17:38:52 Debug: Notice (8): Undefined variable: Settings in [APP\views\layouts\default.ctp, line 28]
2009-11-04 17:38:52 Debug: Notice (8): Undefined variable: Settings in [APP\views\layouts\default.ctp, line 31]
2009-11-04 17:38:52 Debug: Notice (8): Undefined variable: plugin_name in [APP\views\layouts\default.ctp, line 35]
2009-11-04 17:38:52 Debug: Notice (8): Undefined variable: menu in [APP\views\layouts\default.ctp, line 43]
2009-11-04 17:43:52 Debug: Notice (8): Undefined variable: Settings in [APP\views\layouts\default.ctp, line 8]
2009-11-04 17:43:52 Debug: Notice (8): Undefined variable: Settings in [APP\views\layouts\default.ctp, line 9]
2009-11-04 17:43:52 Debug: Notice (8): Undefined variable: Settings in [APP\views\layouts\default.ctp, line 16]
2009-11-04 17:43:52 Debug: Notice (8): Undefined variable: Settings in [APP\views\layouts\default.ctp, line 28]
2009-11-04 17:43:52 Debug: Notice (8): Undefined variable: Settings in [APP\views\layouts\default.ctp, line 31]
2009-11-04 17:43:52 Debug: Notice (8): Undefined variable: plugin_name in [APP\views\layouts\default.ctp, line 35]
2009-11-04 17:43:52 Debug: Notice (8): Undefined variable: menu in [APP\views\layouts\default.ctp, line 43]
2009-11-04 17:59:26 Debug: Notice (8): Undefined variable: Settings in [APP\views\layouts\default.ctp, line 8]
2009-11-04 17:59:26 Debug: Notice (8): Undefined variable: Settings in [APP\views\layouts\default.ctp, line 9]
2009-11-04 17:59:26 Debug: Notice (8): Undefined variable: Settings in [APP\views\layouts\default.ctp, line 16]
2009-11-04 17:59:26 Debug: Notice (8): Undefined variable: Settings in [APP\views\layouts\default.ctp, line 28]
2009-11-04 17:59:26 Debug: Notice (8): Undefined variable: Settings in [APP\views\layouts\default.ctp, line 31]
2009-11-04 17:59:26 Debug: Notice (8): Undefined variable: plugin_name in [APP\views\layouts\default.ctp, line 35]
2009-11-04 17:59:26 Debug: Notice (8): Undefined variable: menu in [APP\views\layouts\default.ctp, line 43]
2009-11-04 17:59:41 Debug: Notice (8): Undefined variable: Settings in [APP\views\layouts\default.ctp, line 8]
2009-11-04 17:59:41 Debug: Notice (8): Undefined variable: Settings in [APP\views\layouts\default.ctp, line 9]
2009-11-04 17:59:41 Debug: Notice (8): Undefined variable: Settings in [APP\views\layouts\default.ctp, line 16]
2009-11-04 17:59:41 Debug: Notice (8): Undefined variable: Settings in [APP\views\layouts\default.ctp, line 28]
2009-11-04 17:59:41 Debug: Notice (8): Undefined variable: Settings in [APP\views\layouts\default.ctp, line 31]
2009-11-04 17:59:41 Debug: Notice (8): Undefined variable: plugin_name in [APP\views\layouts\default.ctp, line 35]
2009-11-04 17:59:41 Debug: Notice (8): Undefined variable: menu in [APP\views\layouts\default.ctp, line 43]
2009-11-04 18:03:39 Debug: Notice (8): Undefined index:  site_name in [CORE\cake\libs\controller\app_controller.php, line 73]
2009-11-04 18:03:39 Debug: Notice (8): Undefined property: InstallController::$db in [APP\controllers\install_controller.php, line 9]
2009-11-04 18:03:46 Debug: Notice (8): Undefined index:  site_name in [CORE\cake\libs\controller\app_controller.php, line 73]
2009-11-04 18:03:46 Debug: Notice (8): Undefined index:  seo_description in [APP\views\layouts\default.ctp, line 8]
2009-11-04 18:03:46 Debug: Notice (8): Undefined index:  seo_keywords in [APP\views\layouts\default.ctp, line 9]
2009-11-04 18:03:46 Debug: Notice (8): Undefined index:  addtional_head in [APP\views\layouts\default.ctp, line 16]
2009-11-04 18:03:46 Debug: Notice (8): Undefined index:  site_name in [APP\views\layouts\default.ctp, line 28]
2009-11-04 18:03:47 Debug: Notice (8): Undefined index:  subtitle in [APP\views\layouts\default.ctp, line 31]
2009-11-04 18:07:40 Debug: Notice (8): Undefined property: InstallController::$db in [APP\controllers\install_controller.php, line 9]
2009-11-04 18:17:41 Debug: Notice (8): Undefined variable: Settings in [APP\views\layouts\default.ctp, line 8]
2009-11-04 18:17:41 Debug: Notice (8): Undefined variable: Settings in [APP\views\layouts\default.ctp, line 9]
2009-11-04 18:17:41 Debug: Notice (8): Undefined variable: Settings in [APP\views\layouts\default.ctp, line 16]
2009-11-04 18:17:42 Debug: Notice (8): Undefined variable: Settings in [APP\views\layouts\default.ctp, line 28]
2009-11-04 18:17:42 Debug: Notice (8): Undefined variable: Settings in [APP\views\layouts\default.ctp, line 31]
2009-11-04 18:17:42 Debug: Notice (8): Undefined variable: plugin_name in [APP\views\layouts\default.ctp, line 35]
2009-11-04 18:17:42 Debug: Notice (8): Undefined variable: menu in [APP\views\layouts\default.ctp, line 43]
2009-11-04 18:17:55 Debug: Notice (8): Undefined variable: Settings in [APP\views\layouts\default.ctp, line 8]
2009-11-04 18:17:55 Debug: Notice (8): Undefined variable: Settings in [APP\views\layouts\default.ctp, line 9]
2009-11-04 18:17:55 Debug: Notice (8): Undefined variable: Settings in [APP\views\layouts\default.ctp, line 16]
2009-11-04 18:17:55 Debug: Notice (8): Undefined variable: Settings in [APP\views\layouts\default.ctp, line 28]
2009-11-04 18:17:55 Debug: Notice (8): Undefined variable: Settings in [APP\views\layouts\default.ctp, line 31]
2009-11-04 18:17:55 Debug: Notice (8): Undefined variable: plugin_name in [APP\views\layouts\default.ctp, line 35]
2009-11-04 18:17:55 Debug: Notice (8): Undefined variable: menu in [APP\views\layouts\default.ctp, line 43]
2009-11-04 19:07:14 Notice: Notice (8): Undefined variable: Settings in [APP/views/layouts/default.ctp, line 8]
2009-11-04 19:07:14 Notice: Notice (8): Undefined variable: Settings in [APP/views/layouts/default.ctp, line 9]
2009-11-04 19:07:14 Notice: Notice (8): Undefined variable: Settings in [APP/views/layouts/default.ctp, line 16]
2009-11-04 19:07:14 Notice: Notice (8): Undefined variable: Settings in [APP/views/layouts/default.ctp, line 28]
2009-11-04 19:07:14 Notice: Notice (8): Undefined variable: Settings in [APP/views/layouts/default.ctp, line 31]
2009-11-04 19:07:14 Notice: Notice (8): Undefined variable: plugin_name in [APP/views/layouts/default.ctp, line 35]
2009-11-04 19:07:14 Notice: Notice (8): Undefined variable: menu in [APP/views/layouts/default.ctp, line 43]
2009-11-04 19:07:39 Notice: Notice (8): Undefined variable: Settings in [APP/views/layouts/default.ctp, line 8]
2009-11-04 19:07:39 Notice: Notice (8): Undefined variable: Settings in [APP/views/layouts/default.ctp, line 9]
2009-11-04 19:07:39 Notice: Notice (8): Undefined variable: Settings in [APP/views/layouts/default.ctp, line 16]
2009-11-04 19:07:39 Notice: Notice (8): Undefined variable: Settings in [APP/views/layouts/default.ctp, line 28]
2009-11-04 19:07:40 Notice: Notice (8): Undefined variable: Settings in [APP/views/layouts/default.ctp, line 31]
2009-11-04 19:07:40 Notice: Notice (8): Undefined variable: plugin_name in [APP/views/layouts/default.ctp, line 35]
2009-11-04 19:07:40 Notice: Notice (8): Undefined variable: menu in [APP/views/layouts/default.ctp, line 43]
2009-11-04 19:14:39 Notice: Notice (8): Undefined variable: Settings in [APP/views/layouts/default.ctp, line 8]
2009-11-04 19:14:39 Notice: Notice (8): Undefined variable: Settings in [APP/views/layouts/default.ctp, line 9]
2009-11-04 19:14:39 Notice: Notice (8): Undefined variable: Settings in [APP/views/layouts/default.ctp, line 16]
2009-11-04 19:14:39 Notice: Notice (8): Undefined variable: Settings in [APP/views/layouts/default.ctp, line 28]
2009-11-04 19:14:39 Notice: Notice (8): Undefined variable: Settings in [APP/views/layouts/default.ctp, line 31]
2009-11-04 19:14:39 Notice: Notice (8): Undefined variable: plugin_name in [APP/views/layouts/default.ctp, line 35]
2009-11-04 19:14:39 Notice: Notice (8): Undefined variable: menu in [APP/views/layouts/default.ctp, line 43]
2009-11-04 19:15:14 Notice: Notice (8): Undefined variable: Settings in [APP/views/layouts/default.ctp, line 8]
2009-11-04 19:15:14 Notice: Notice (8): Undefined variable: Settings in [APP/views/layouts/default.ctp, line 9]
2009-11-04 19:15:14 Notice: Notice (8): Undefined variable: Settings in [APP/views/layouts/default.ctp, line 16]
2009-11-04 19:15:14 Notice: Notice (8): Undefined variable: Settings in [APP/views/layouts/default.ctp, line 28]
2009-11-04 19:15:14 Notice: Notice (8): Undefined variable: Settings in [APP/views/layouts/default.ctp, line 31]
2009-11-04 19:15:14 Notice: Notice (8): Undefined variable: plugin_name in [APP/views/layouts/default.ctp, line 35]
2009-11-04 19:15:14 Notice: Notice (8): Undefined variable: menu in [APP/views/layouts/default.ctp, line 43]
2009-11-04 19:40:58 Notice: Notice (8): Undefined variable: Settings in [APP/views/layouts/default.ctp, line 8]
2009-11-04 19:40:58 Notice: Notice (8): Undefined variable: Settings in [APP/views/layouts/default.ctp, line 9]
2009-11-04 19:40:58 Notice: Notice (8): Undefined variable: Settings in [APP/views/layouts/default.ctp, line 16]
2009-11-04 19:40:58 Notice: Notice (8): Undefined variable: Settings in [APP/views/layouts/default.ctp, line 28]
2009-11-04 19:40:58 Notice: Notice (8): Undefined variable: Settings in [APP/views/layouts/default.ctp, line 31]
2009-11-04 19:40:58 Notice: Notice (8): Undefined variable: plugin_name in [APP/views/layouts/default.ctp, line 35]
2009-11-04 19:40:58 Notice: Notice (8): Undefined variable: menu in [APP/views/layouts/default.ctp, line 43]
2009-11-04 19:40:58 Notice: Notice (8): Undefined index:  site_name in [CORE/cake/libs/controller/app_controller.php, line 73]
2009-11-04 19:41:24 Notice: Notice (8): Undefined index:  site_name in [CORE/cake/libs/controller/app_controller.php, line 73]
2009-11-04 19:41:24 Notice: Notice (8): Undefined index:  seo_description in [APP/views/layouts/default.ctp, line 8]
2009-11-04 19:41:24 Notice: Notice (8): Undefined index:  seo_keywords in [APP/views/layouts/default.ctp, line 9]
2009-11-04 19:41:24 Notice: Notice (8): Undefined index:  addtional_head in [APP/views/layouts/default.ctp, line 16]
2009-11-04 19:41:24 Notice: Notice (8): Undefined index:  site_name in [APP/views/layouts/default.ctp, line 28]
2009-11-04 19:41:24 Notice: Notice (8): Undefined index:  subtitle in [APP/views/layouts/default.ctp, line 31]
2009-11-04 19:41:25 Notice: Notice (8): Undefined index:  site_name in [CORE/cake/libs/controller/app_controller.php, line 73]
2009-11-04 19:41:39 Notice: Notice (8): Undefined index:  site_name in [CORE/cake/libs/controller/app_controller.php, line 73]
2009-11-04 19:41:39 Notice: Notice (8): Undefined index:  seo_description in [APP/views/layouts/default.ctp, line 8]
2009-11-04 19:41:39 Notice: Notice (8): Undefined index:  seo_keywords in [APP/views/layouts/default.ctp, line 9]
2009-11-04 19:41:39 Notice: Notice (8): Undefined index:  addtional_head in [APP/views/layouts/default.ctp, line 16]
2009-11-04 19:41:39 Notice: Notice (8): Undefined index:  site_name in [APP/views/layouts/default.ctp, line 28]
2009-11-04 19:41:39 Notice: Notice (8): Undefined index:  subtitle in [APP/views/layouts/default.ctp, line 31]
2009-11-04 19:42:17 Notice: Notice (8): Undefined variable: Settings in [APP/views/layouts/default.ctp, line 8]
2009-11-04 19:42:17 Notice: Notice (8): Undefined variable: Settings in [APP/views/layouts/default.ctp, line 9]
2009-11-04 19:42:17 Notice: Notice (8): Undefined variable: Settings in [APP/views/layouts/default.ctp, line 16]
2009-11-04 19:42:17 Notice: Notice (8): Undefined variable: Settings in [APP/views/layouts/default.ctp, line 28]
2009-11-04 19:42:17 Notice: Notice (8): Undefined variable: Settings in [APP/views/layouts/default.ctp, line 31]
2009-11-04 19:42:17 Notice: Notice (8): Undefined variable: plugin_name in [APP/views/layouts/default.ctp, line 35]
2009-11-04 19:42:17 Notice: Notice (8): Undefined variable: menu in [APP/views/layouts/default.ctp, line 43]
2009-11-04 19:42:28 Notice: Notice (8): Undefined index:  site_name in [CORE/cake/libs/controller/app_controller.php, line 73]
2009-11-04 19:42:30 Notice: Notice (8): Undefined index:  site_name in [CORE/cake/libs/controller/app_controller.php, line 73]
2009-11-04 19:42:30 Notice: Notice (8): Undefined index:  seo_description in [APP/views/layouts/default.ctp, line 8]
2009-11-04 19:42:30 Notice: Notice (8): Undefined index:  seo_keywords in [APP/views/layouts/default.ctp, line 9]
2009-11-04 19:42:30 Notice: Notice (8): Undefined index:  addtional_head in [APP/views/layouts/default.ctp, line 16]
2009-11-04 19:42:30 Notice: Notice (8): Undefined index:  site_name in [APP/views/layouts/default.ctp, line 28]
2009-11-04 19:42:30 Notice: Notice (8): Undefined index:  subtitle in [APP/views/layouts/default.ctp, line 31]
2009-11-04 20:10:43 Notice: Notice (8): Undefined index:  site_name in [CORE/cake/libs/controller/app_controller.php, line 73]
2009-11-04 20:11:16 Notice: Notice (8): Undefined index:  site_name in [CORE/cake/libs/controller/app_controller.php, line 73]
2009-11-04 20:11:16 Notice: Notice (8): Undefined index:  site_name in [CORE/cake/libs/controller/app_controller.php, line 73]
2009-11-06 12:29:00 Notice: Notice (8): Undefined variable: Settings in [APP/views/layouts/default.ctp, line 8]
2009-11-06 12:29:00 Notice: Notice (8): Undefined variable: Settings in [APP/views/layouts/default.ctp, line 9]
2009-11-06 12:29:00 Notice: Notice (8): Undefined variable: manjuuHtml in [APP/views/layouts/default.ctp, line 14]
2009-11-06 12:31:08 Notice: Notice (8): Undefined variable: Settings in [APP/views/layouts/default.ctp, line 8]
2009-11-06 12:31:08 Notice: Notice (8): Undefined variable: Settings in [APP/views/layouts/default.ctp, line 9]
2009-11-06 12:31:08 Notice: Notice (8): Undefined variable: manjuuHtml in [APP/views/layouts/default.ctp, line 14]
2009-11-06 12:49:18 Notice: Notice (8): Undefined variable: Settings in [APP/views/layouts/default.ctp, line 8]
2009-11-06 12:49:18 Notice: Notice (8): Undefined variable: Settings in [APP/views/layouts/default.ctp, line 9]
2009-11-06 12:49:18 Notice: Notice (8): Undefined variable: Settings in [APP/views/layouts/default.ctp, line 16]
2009-11-06 12:49:18 Notice: Notice (8): Undefined variable: Settings in [APP/views/layouts/default.ctp, line 28]
2009-11-06 12:49:19 Notice: Notice (8): Undefined variable: Settings in [APP/views/layouts/default.ctp, line 31]
2009-11-06 12:49:19 Notice: Notice (8): Undefined variable: plugin_name in [APP/views/layouts/default.ctp, line 35]
2009-11-06 12:49:19 Notice: Notice (8): Undefined variable: menu in [APP/views/layouts/default.ctp, line 43]
2009-11-13 20:35:38 Notice: Notice (8): Undefined variable: Settings in [APP/views/layouts/default.ctp, line 8]
2009-11-13 20:35:38 Notice: Notice (8): Undefined variable: Settings in [APP/views/layouts/default.ctp, line 9]
2009-11-13 20:35:38 Notice: Notice (8): Undefined variable: manjuuHtml in [APP/views/layouts/default.ctp, line 14]
2009-11-21 05:28:07 Notice: Notice (8): Undefined variable: Settings in [APP/views/layouts/default.ctp, line 8]
2009-11-21 05:28:07 Notice: Notice (8): Undefined variable: Settings in [APP/views/layouts/default.ctp, line 8]
2009-11-21 05:28:07 Notice: Notice (8): Undefined variable: Settings in [APP/views/layouts/default.ctp, line 9]
2009-11-21 05:28:07 Notice: Notice (8): Undefined variable: Settings in [APP/views/layouts/default.ctp, line 9]
2009-11-21 05:28:07 Notice: Notice (8): Undefined variable: manjuuHtml in [APP/views/layouts/default.ctp, line 14]
2009-11-21 05:28:07 Notice: Notice (8): Undefined variable: manjuuHtml in [APP/views/layouts/default.ctp, line 14]
2009-11-21 05:28:26 Notice: Notice (8): Undefined variable: Settings in [APP/views/layouts/default.ctp, line 8]
2009-11-21 05:28:26 Notice: Notice (8): Undefined variable: Settings in [APP/views/layouts/default.ctp, line 9]
2009-11-21 05:28:26 Notice: Notice (8): Undefined variable: manjuuHtml in [APP/views/layouts/default.ctp, line 14]
2009-11-21 05:30:02 Notice: Notice (8): Undefined variable: Settings in [APP/views/layouts/default.ctp, line 8]
2009-11-21 05:30:02 Notice: Notice (8): Undefined variable: Settings in [APP/views/layouts/default.ctp, line 9]
2009-11-21 05:30:02 Notice: Notice (8): Undefined variable: manjuuHtml in [APP/views/layouts/default.ctp, line 14]
2009-11-21 05:43:17 Notice: Notice (8): Undefined variable: Settings in [APP/views/layouts/default.ctp, line 8]
2009-11-21 05:43:17 Notice: Notice (8): Undefined variable: Settings in [APP/views/layouts/default.ctp, line 9]
2009-11-21 05:43:17 Notice: Notice (8): Undefined variable: manjuuHtml in [APP/views/layouts/default.ctp, line 14]
2009-11-21 05:43:26 Notice: Notice (8): Undefined variable: Settings in [APP/views/layouts/default.ctp, line 8]
2009-11-21 05:43:26 Notice: Notice (8): Undefined variable: Settings in [APP/views/layouts/default.ctp, line 9]
2009-11-21 05:43:26 Notice: Notice (8): Undefined variable: manjuuHtml in [APP/views/layouts/default.ctp, line 14]
2009-11-21 05:44:08 Notice: Notice (8): Undefined variable: Settings in [APP/views/layouts/default.ctp, line 8]
2009-11-21 05:44:08 Notice: Notice (8): Undefined variable: Settings in [APP/views/layouts/default.ctp, line 9]
2009-11-21 05:44:08 Notice: Notice (8): Undefined variable: manjuuHtml in [APP/views/layouts/default.ctp, line 14]
2009-11-21 05:44:47 Notice: Notice (8): Undefined variable: Settings in [APP/views/layouts/default.ctp, line 8]
2009-11-21 05:44:47 Notice: Notice (8): Undefined variable: Settings in [APP/views/layouts/default.ctp, line 9]
2009-11-21 05:44:47 Notice: Notice (8): Undefined variable: manjuuHtml in [APP/views/layouts/default.ctp, line 14]
2009-11-21 05:54:33 Notice: Notice (8): Undefined variable: Settings in [APP/views/layouts/default.ctp, line 8]
2009-11-21 05:54:33 Notice: Notice (8): Undefined variable: Settings in [APP/views/layouts/default.ctp, line 9]
2009-11-21 05:54:33 Notice: Notice (8): Undefined variable: manjuuHtml in [APP/views/layouts/default.ctp, line 14]
2009-11-21 05:57:55 Notice: Notice (8): Undefined variable: Settings in [APP/views/layouts/default.ctp, line 8]
2009-11-21 05:57:55 Notice: Notice (8): Undefined variable: Settings in [APP/views/layouts/default.ctp, line 9]
2009-11-21 05:57:55 Notice: Notice (8): Undefined variable: manjuuHtml in [APP/views/layouts/default.ctp, line 14]
2009-11-21 05:57:57 Notice: Notice (8): Undefined variable: Settings in [APP/views/layouts/default.ctp, line 8]
2009-11-21 05:57:57 Notice: Notice (8): Undefined variable: Settings in [APP/views/layouts/default.ctp, line 9]
2009-11-21 05:57:57 Notice: Notice (8): Undefined variable: manjuuHtml in [APP/views/layouts/default.ctp, line 14]
2009-11-21 05:58:17 Notice: Notice (8): Undefined variable: Settings in [APP/views/layouts/default.ctp, line 8]
2009-11-21 05:58:17 Notice: Notice (8): Undefined variable: Settings in [APP/views/layouts/default.ctp, line 9]
2009-11-21 05:58:17 Notice: Notice (8): Undefined variable: manjuuHtml in [APP/views/layouts/default.ctp, line 14]
2009-11-21 05:58:30 Notice: Notice (8): Undefined variable: Settings in [APP/views/layouts/default.ctp, line 8]
2009-11-21 05:58:30 Notice: Notice (8): Undefined variable: Settings in [APP/views/layouts/default.ctp, line 9]
2009-11-21 05:58:30 Notice: Notice (8): Undefined variable: manjuuHtml in [APP/views/layouts/default.ctp, line 14]
2009-11-21 05:58:32 Notice: Notice (8): Undefined variable: Settings in [APP/views/layouts/default.ctp, line 8]
2009-11-21 05:58:32 Notice: Notice (8): Undefined variable: Settings in [APP/views/layouts/default.ctp, line 9]
2009-11-21 05:58:32 Notice: Notice (8): Undefined variable: manjuuHtml in [APP/views/layouts/default.ctp, line 14]
2009-11-21 06:05:35 Notice: Notice (8): Undefined variable: Settings in [APP/views/layouts/default.ctp, line 8]
2009-11-21 06:05:35 Notice: Notice (8): Undefined variable: Settings in [APP/views/layouts/default.ctp, line 9]
2009-11-21 06:05:35 Notice: Notice (8): Undefined variable: manjuuHtml in [APP/views/layouts/default.ctp, line 14]
2009-11-21 06:05:37 Notice: Notice (8): Undefined variable: Settings in [APP/views/layouts/default.ctp, line 8]
2009-11-21 06:05:37 Notice: Notice (8): Undefined variable: Settings in [APP/views/layouts/default.ctp, line 9]
2009-11-21 06:05:37 Notice: Notice (8): Undefined variable: manjuuHtml in [APP/views/layouts/default.ctp, line 14]
2009-11-21 06:07:17 Notice: Notice (8): Undefined variable: Settings in [APP/views/layouts/default.ctp, line 8]
2009-11-21 06:07:17 Notice: Notice (8): Undefined variable: Settings in [APP/views/layouts/default.ctp, line 9]
2009-11-21 06:07:17 Notice: Notice (8): Undefined variable: manjuuHtml in [APP/views/layouts/default.ctp, line 14]
2009-11-23 17:53:11 Notice: Notice (8): Undefined variable: Settings in [APP/views/layouts/default.ctp, line 8]
2009-11-23 17:53:11 Notice: Notice (8): Undefined variable: Settings in [APP/views/layouts/default.ctp, line 9]
2009-11-23 17:53:11 Notice: Notice (8): Undefined variable: manjuuHtml in [APP/views/layouts/default.ctp, line 14]
2009-11-23 17:56:31 Notice: Notice (8): Undefined variable: Settings in [APP/views/layouts/default.ctp, line 8]
2009-11-23 17:56:31 Notice: Notice (8): Undefined variable: Settings in [APP/views/layouts/default.ctp, line 9]
2009-11-23 17:56:31 Notice: Notice (8): Undefined variable: manjuuHtml in [APP/views/layouts/default.ctp, line 14]
2009-11-23 18:00:27 Notice: Notice (8): Undefined variable: Settings in [APP/views/layouts/default.ctp, line 8]
2009-11-23 18:00:27 Notice: Notice (8): Undefined variable: Settings in [APP/views/layouts/default.ctp, line 9]
2009-11-23 18:00:27 Notice: Notice (8): Undefined variable: javascript in [APP/views/layouts/default.ctp, line 11]
2009-11-23 18:02:02 Notice: Notice (8): Undefined variable: Settings in [APP/views/layouts/default.ctp, line 8]
2009-11-23 18:02:02 Notice: Notice (8): Undefined variable: Settings in [APP/views/layouts/default.ctp, line 9]
2009-11-23 18:02:02 Notice: Notice (8): Undefined variable: manjuuHtml in [APP/views/layouts/default.ctp, line 14]
2009-11-23 18:02:22 Notice: Notice (8): Undefined variable: manjuuHtml in [APP/views/layouts/default.ctp, line 12]
2009-11-23 18:02:37 Notice: Notice (8): Undefined variable: Settings in [APP/views/layouts/default.ctp, line 13]
2009-11-23 18:02:37 Notice: Notice (8): Undefined variable: Settings in [APP/views/layouts/default.ctp, line 25]
2009-11-23 18:02:37 Notice: Notice (8): Undefined variable: Settings in [APP/views/layouts/default.ctp, line 28]
2009-11-23 18:02:37 Notice: Notice (8): Undefined variable: plugin_name in [APP/views/layouts/default.ctp, line 32]
2009-11-23 18:02:37 Notice: Notice (8): Undefined variable: manjuuHtml in [APP/views/layouts/default.ctp, line 38]
2009-11-23 18:02:51 Notice: Notice (8): Undefined variable: Settings in [APP/views/layouts/default.ctp, line 8]
2009-11-23 18:02:51 Notice: Notice (8): Undefined variable: Settings in [APP/views/layouts/default.ctp, line 9]
2009-11-23 18:02:51 Notice: Notice (8): Undefined variable: manjuuHtml in [APP/views/layouts/default.ctp, line 14]
2009-11-23 18:06:26 Notice: Notice (8): Undefined index:  seo_description in [APP/views/layouts/default.ctp, line 8]
2009-11-23 18:06:26 Notice: Notice (8): Undefined index:  seo_keywords in [APP/views/layouts/default.ctp, line 9]
2009-11-23 18:06:26 Notice: Notice (8): Undefined variable: manjuuHtml in [APP/views/layouts/default.ctp, line 14]
2009-11-23 18:06:46 Notice: Notice (8): Undefined index:  seo_description in [APP/views/layouts/default.ctp, line 8]
2009-11-23 18:06:46 Notice: Notice (8): Undefined index:  seo_keywords in [APP/views/layouts/default.ctp, line 9]
2009-11-23 18:06:46 Notice: Notice (8): Undefined variable: manjuuHtml in [APP/views/layouts/default.ctp, line 14]
2009-11-23 18:07:17 Notice: Notice (8): Undefined index:  seo_description in [APP/views/layouts/default.ctp, line 8]
2009-11-23 18:07:17 Notice: Notice (8): Undefined index:  seo_keywords in [APP/views/layouts/default.ctp, line 9]
2009-11-23 18:07:17 Notice: Notice (8): Undefined variable: manjuuHtml in [APP/views/layouts/default.ctp, line 14]
2009-11-23 18:07:19 Notice: Notice (8): Undefined index:  seo_description in [APP/views/layouts/default.ctp, line 8]
2009-11-23 18:07:19 Notice: Notice (8): Undefined index:  seo_keywords in [APP/views/layouts/default.ctp, line 9]
2009-11-23 18:07:19 Notice: Notice (8): Undefined variable: manjuuHtml in [APP/views/layouts/default.ctp, line 14]
2009-11-23 18:07:20 Notice: Notice (8): Undefined index:  seo_description in [APP/views/layouts/default.ctp, line 8]
2009-11-23 18:07:20 Notice: Notice (8): Undefined index:  seo_keywords in [APP/views/layouts/default.ctp, line 9]
2009-11-23 18:07:20 Notice: Notice (8): Undefined variable: manjuuHtml in [APP/views/layouts/default.ctp, line 14]
2009-11-23 18:07:21 Notice: Notice (8): Undefined index:  seo_description in [APP/views/layouts/default.ctp, line 8]
2009-11-23 18:07:21 Notice: Notice (8): Undefined index:  seo_keywords in [APP/views/layouts/default.ctp, line 9]
2009-11-23 18:07:21 Notice: Notice (8): Undefined variable: manjuuHtml in [APP/views/layouts/default.ctp, line 14]
2009-11-23 18:07:23 Notice: Notice (8): Undefined index:  seo_description in [APP/views/layouts/default.ctp, line 8]
2009-11-23 18:07:23 Notice: Notice (8): Undefined index:  seo_keywords in [APP/views/layouts/default.ctp, line 9]
2009-11-23 18:07:23 Notice: Notice (8): Undefined variable: manjuuHtml in [APP/views/layouts/default.ctp, line 14]
2009-11-23 18:07:26 Notice: Notice (8): Undefined index:  seo_description in [APP/views/layouts/default.ctp, line 8]
2009-11-23 18:07:26 Notice: Notice (8): Undefined index:  seo_keywords in [APP/views/layouts/default.ctp, line 9]
2009-11-23 18:07:26 Notice: Notice (8): Undefined variable: manjuuHtml in [APP/views/layouts/default.ctp, line 14]
2009-11-23 18:07:50 Notice: Notice (8): Undefined index:  seo_description in [APP/views/layouts/default.ctp, line 8]
2009-11-23 18:07:50 Notice: Notice (8): Undefined index:  seo_keywords in [APP/views/layouts/default.ctp, line 9]
2009-11-23 18:07:50 Notice: Notice (8): Undefined variable: manjuuHtml in [APP/views/layouts/default.ctp, line 14]
2009-11-23 18:08:23 Notice: Notice (8): Undefined index:  seo_description in [APP/views/layouts/default.ctp, line 8]
2009-11-23 18:08:23 Notice: Notice (8): Undefined index:  seo_keywords in [APP/views/layouts/default.ctp, line 9]
2009-11-23 18:08:23 Notice: Notice (8): Undefined variable: manjuuHtml in [APP/views/layouts/default.ctp, line 14]
2009-11-23 18:10:10 Notice: Notice (8): Undefined index:  key in [APP/controllers/page_controller.php, line 19]
2009-11-23 18:10:10 Notice: Notice (8): Undefined index:  value in [APP/controllers/page_controller.php, line 19]
2009-11-23 18:10:10 Notice: Notice (8): Undefined index:  seo_description in [APP/views/layouts/default.ctp, line 8]
2009-11-23 18:10:10 Notice: Notice (8): Undefined index:  seo_keywords in [APP/views/layouts/default.ctp, line 9]
2009-11-23 18:10:10 Notice: Notice (8): Undefined variable: manjuuHtml in [APP/views/layouts/default.ctp, line 14]
2009-11-23 18:10:37 Notice: Notice (8): Undefined index:  key in [APP/controllers/page_controller.php, line 19]
2009-11-23 18:10:37 Notice: Notice (8): Undefined index:  value in [APP/controllers/page_controller.php, line 19]
2009-11-23 18:10:37 Notice: Notice (8): Undefined index:  seo_description in [APP/views/layouts/default.ctp, line 8]
2009-11-23 18:10:37 Notice: Notice (8): Undefined index:  seo_keywords in [APP/views/layouts/default.ctp, line 9]
2009-11-23 18:10:37 Notice: Notice (8): Undefined variable: manjuuHtml in [APP/views/layouts/default.ctp, line 14]
2009-11-23 18:11:08 Notice: Notice (8): Undefined variable: manjuuHtml in [APP/views/layouts/default.ctp, line 14]
2009-11-23 18:17:07 Notice: Notice (8): Undefined variable: plugin_name in [APP/views/layouts/default.ctp, line 35]
2009-11-23 18:17:07 Notice: Notice (8): Undefined variable: menu in [APP/views/layouts/default.ctp, line 43]
2009-11-23 18:20:45 Notice: Notice (8): Undefined variable: plugin_name in [APP/views/layouts/default.ctp, line 35]
2009-11-23 18:20:45 Notice: Notice (8): Undefined variable: menu in [APP/views/layouts/default.ctp, line 43]
2009-11-23 18:30:06 Notice: Notice (8): Undefined variable: plugin_name in [APP/views/layouts/default.ctp, line 35]
2009-11-23 18:30:06 Notice: Notice (8): Undefined variable: menu in [APP/views/layouts/default.ctp, line 43]
2009-11-23 18:31:25 Notice: Notice (8): Undefined variable: plugin_name in [APP/views/layouts/default.ctp, line 35]
2009-11-23 18:31:25 Notice: Notice (8): Undefined variable: menu in [APP/views/layouts/default.ctp, line 43]
2009-11-23 18:34:32 Notice: Notice (8): Undefined variable: plugin_name in [APP/views/layouts/default.ctp, line 35]
2009-11-23 18:34:32 Notice: Notice (8): Undefined variable: menu in [APP/views/layouts/default.ctp, line 43]
2009-11-23 18:34:39 Notice: Notice (8): Undefined variable: Settings in [APP/views/layouts/default.ctp, line 8]
2009-11-23 18:34:39 Notice: Notice (8): Undefined variable: Settings in [APP/views/layouts/default.ctp, line 9]
2009-11-23 18:34:39 Notice: Notice (8): Undefined variable: javascript in [APP/views/layouts/default.ctp, line 11]
2009-11-23 18:34:41 Notice: Notice (8): Undefined variable: plugin_name in [APP/views/layouts/default.ctp, line 35]
2009-11-23 18:34:41 Notice: Notice (8): Undefined variable: menu in [APP/views/layouts/default.ctp, line 43]
2009-11-23 18:49:40 Notice: Notice (8): Undefined variable: Settings in [APP/views/layouts/default.ctp, line 8]
2009-11-23 18:49:40 Notice: Notice (8): Undefined variable: Settings in [APP/views/layouts/default.ctp, line 9]
2009-11-23 18:49:40 Notice: Notice (8): Undefined variable: Settings in [APP/views/layouts/default.ctp, line 16]
2009-11-23 18:49:40 Notice: Notice (8): Undefined variable: Settings in [APP/views/layouts/default.ctp, line 28]
2009-11-23 18:49:40 Notice: Notice (8): Undefined variable: Settings in [APP/views/layouts/default.ctp, line 31]
2009-11-23 18:49:40 Notice: Notice (8): Undefined variable: plugin_name in [APP/views/layouts/default.ctp, line 35]
2009-11-23 18:49:40 Notice: Notice (8): Undefined variable: menu in [APP/views/layouts/default.ctp, line 43]
2009-11-23 18:49:44 Notice: Notice (8): Undefined variable: Settings in [APP/views/layouts/default.ctp, line 8]
2009-11-23 18:49:44 Notice: Notice (8): Undefined variable: Settings in [APP/views/layouts/default.ctp, line 9]
2009-11-23 18:49:44 Notice: Notice (8): Undefined variable: Settings in [APP/views/layouts/default.ctp, line 16]
2009-11-23 18:49:44 Notice: Notice (8): Undefined variable: Settings in [APP/views/layouts/default.ctp, line 28]
2009-11-23 18:49:44 Notice: Notice (8): Undefined variable: Settings in [APP/views/layouts/default.ctp, line 31]
2009-11-23 18:49:44 Notice: Notice (8): Undefined variable: plugin_name in [APP/views/layouts/default.ctp, line 35]
2009-11-23 18:49:44 Notice: Notice (8): Undefined variable: menu in [APP/views/layouts/default.ctp, line 43]
2010-03-04 18:30:31 Debug: Notice (8): Undefined variable: Settings in [APP\views\layouts\default.ctp, line 8]
2010-03-04 18:30:31 Debug: Notice (8): Undefined variable: Settings in [APP\views\layouts\default.ctp, line 9]
2010-03-04 18:30:31 Debug: Notice (8): Undefined variable: Settings in [APP\views\layouts\default.ctp, line 16]
2010-03-04 18:30:31 Debug: Notice (8): Undefined variable: Settings in [APP\views\layouts\default.ctp, line 28]
2010-03-04 18:30:31 Debug: Notice (8): Undefined variable: Settings in [APP\views\layouts\default.ctp, line 31]
2010-03-04 18:30:32 Debug: Notice (8): Undefined variable: plugin_name in [APP\views\layouts\default.ctp, line 35]
2010-03-04 18:30:32 Debug: Notice (8): Undefined variable: menu in [APP\views\layouts\default.ctp, line 43]
2010-03-04 20:51:43 Debug: Notice (8): Undefined variable: Settings in [APP\views\layouts\default.ctp, line 8]
2010-03-04 20:51:43 Debug: Notice (8): Undefined variable: Settings in [APP\views\layouts\default.ctp, line 9]
2010-03-04 20:51:43 Debug: Notice (8): Undefined variable: Settings in [APP\views\layouts\default.ctp, line 16]
2010-03-04 20:51:43 Debug: Notice (8): Undefined variable: Settings in [APP\views\layouts\default.ctp, line 28]
2010-03-04 20:51:43 Debug: Notice (8): Undefined variable: Settings in [APP\views\layouts\default.ctp, line 31]
2010-03-04 20:51:43 Debug: Notice (8): Undefined variable: plugin_name in [APP\views\layouts\default.ctp, line 35]
2010-03-04 20:51:43 Debug: Notice (8): Undefined variable: menu in [APP\views\layouts\default.ctp, line 43]
