2009-11-04 14:13:22 Warning: Warning (2): Invalid argument supplied for foreach() in [APP\views\layouts\default.ctp, line 43]
2009-11-04 14:35:27 Warning: Warning (2): Invalid argument supplied for foreach() in [APP\views\layouts\default.ctp, line 43]
2009-11-04 14:35:58 Warning: Warning (2): Invalid argument supplied for foreach() in [APP\views\layouts\default.ctp, line 43]
2009-11-04 14:36:14 Warning: Warning (2): Invalid argument supplied for foreach() in [APP\views\layouts\default.ctp, line 43]
2009-11-04 14:39:32 Warning: Warning (2): Invalid argument supplied for foreach() in [APP\views\layouts\default.ctp, line 43]
2009-11-04 17:27:07 Warning: Warning (2): Cannot modify header information - headers already sent by (output started at C:\Pocky_COAS\sites\manjuu-0.1\app\controllers\components\admin_auth.php:22) in [CORE\cake\libs\controller\controller.php, line 578]
2009-11-04 17:28:00 Warning: Warning (2): Cannot modify header information - headers already sent by (output started at C:\Pocky_COAS\sites\manjuu-0.1\app\controllers\components\admin_auth.php:61) in [CORE\cake\libs\controller\controller.php, line 578]
2009-11-04 17:28:53 Warning: Warning (2): Cannot modify header information - headers already sent by (output started at C:\Pocky_COAS\sites\manjuu-0.1\app\controllers\components\admin_auth.php:61) in [CORE\cake\libs\controller\controller.php, line 578]
2009-11-04 17:29:54 Warning: Warning (2): Cannot modify header information - headers already sent by (output started at C:\Pocky_COAS\sites\manjuu-0.1\app\controllers\components\admin_auth.php:61) in [CORE\cake\libs\controller\controller.php, line 578]
2009-11-04 17:38:52 Warning: Warning (2): Invalid argument supplied for foreach() in [APP\views\layouts\default.ctp, line 43]
2009-11-04 17:43:52 Warning: Warning (2): Invalid argument supplied for foreach() in [APP\views\layouts\default.ctp, line 43]
2009-11-04 17:56:33 Warning: Warning (2): sqlite_query() [<a href='http://php.net/function.sqlite-query'>function.sqlite-query</a>]: unrecognized token: &quot;#&quot; in [CORE\cake\libs\model\datasources\dbo\dbo_sqlite.php, line 137]
2009-11-04 17:56:33 Warning: Warning (512): <span style = "color:Red;text-align:left"><b>SQL Error:</b> 1: SQL logic error or missing database</span> in [CORE\cake\libs\model\datasources\dbo_source.php, line 512]
2009-11-04 17:56:53 Warning: Warning (2): sqlite_query() [<a href='http://php.net/function.sqlite-query'>function.sqlite-query</a>]: unrecognized token: &quot;#&quot; in [CORE\cake\libs\model\datasources\dbo\dbo_sqlite.php, line 137]
2009-11-04 17:56:53 Warning: Warning (512): <span style = "color:Red;text-align:left"><b>SQL Error:</b> 1: SQL logic error or missing database</span> in [CORE\cake\libs\model\datasources\dbo_source.php, line 512]
2009-11-04 17:58:47 Warning: Warning (2): sqlite_query() [<a href='http://php.net/function.sqlite-query'>function.sqlite-query</a>]: no such table: pages in [CORE\cake\libs\model\datasources\dbo\dbo_sqlite.php, line 137]
2009-11-04 17:58:47 Warning: Warning (512): <span style = "color:Red;text-align:left"><b>SQL Error:</b> 1: SQL logic error or missing database</span> in [CORE\cake\libs\model\datasources\dbo_source.php, line 512]
2009-11-04 17:58:47 Warning: Warning (2): Invalid argument supplied for foreach() in [APP\views\layouts\default.ctp, line 43]
2009-11-04 17:59:26 Warning: Warning (2): Invalid argument supplied for foreach() in [APP\views\layouts\default.ctp, line 43]
2009-11-04 17:59:41 Warning: Warning (2): Invalid argument supplied for foreach() in [APP\views\layouts\default.ctp, line 43]
2009-11-04 18:17:42 Warning: Warning (2): Invalid argument supplied for foreach() in [APP\views\layouts\default.ctp, line 43]
2009-11-04 18:17:55 Warning: Warning (2): Invalid argument supplied for foreach() in [APP\views\layouts\default.ctp, line 43]
2009-11-04 19:07:14 Warning: Warning (2): Invalid argument supplied for foreach() in [APP/views/layouts/default.ctp, line 43]
2009-11-04 19:07:40 Warning: Warning (2): Invalid argument supplied for foreach() in [APP/views/layouts/default.ctp, line 43]
2009-11-04 19:14:39 Warning: Warning (2): Invalid argument supplied for foreach() in [APP/views/layouts/default.ctp, line 43]
2009-11-04 19:15:14 Warning: Warning (2): sqlite_query() [<a href='http://php.net/function.sqlite-query'>function.sqlite-query</a>]: database schema has changed in [CORE/cake/libs/model/datasources/dbo/dbo_sqlite.php, line 137]
2009-11-04 19:15:14 Warning: Warning (512): <span style = "color:Red;text-align:left"><b>SQL Error:</b> 17: database schema has changed</span> in [CORE/cake/libs/model/datasources/dbo_source.php, line 512]
2009-11-04 19:15:14 Warning: Warning (2): Invalid argument supplied for foreach() in [APP/views/layouts/default.ctp, line 43]
2009-11-04 19:40:58 Warning: Warning (2): sqlite_query() [<a href='http://php.net/function.sqlite-query'>function.sqlite-query</a>]: database schema has changed in [CORE/cake/libs/model/datasources/dbo/dbo_sqlite.php, line 137]
2009-11-04 19:40:58 Warning: Warning (512): <span style = "color:Red;text-align:left"><b>SQL Error:</b> 17: database schema has changed</span> in [CORE/cake/libs/model/datasources/dbo_source.php, line 512]
2009-11-04 19:40:58 Warning: Warning (2): Invalid argument supplied for foreach() in [APP/views/layouts/default.ctp, line 43]
2009-11-04 19:40:58 Warning: Warning (2): sqlite_query() [<a href='http://php.net/function.sqlite-query'>function.sqlite-query</a>]: database schema has changed in [CORE/cake/libs/model/datasources/dbo/dbo_sqlite.php, line 137]
2009-11-04 19:40:58 Warning: Warning (512): <span style = "color:Red;text-align:left"><b>SQL Error:</b> 17: database schema has changed</span> in [CORE/cake/libs/model/datasources/dbo_source.php, line 512]
2009-11-04 19:40:58 Warning: Warning (2): Invalid argument supplied for foreach() in [APP/models/setting.php, line 49]
2009-11-04 19:41:24 Warning: Warning (2): sqlite_query() [<a href='http://php.net/function.sqlite-query'>function.sqlite-query</a>]: near &quot;FROM&quot;: syntax error in [CORE/cake/libs/model/datasources/dbo/dbo_sqlite.php, line 137]
2009-11-04 19:41:24 Warning: Warning (512): <span style = "color:Red;text-align:left"><b>SQL Error:</b> 1: SQL logic error or missing database</span> in [CORE/cake/libs/model/datasources/dbo_source.php, line 512]
2009-11-04 19:41:24 Warning: Warning (2): Invalid argument supplied for foreach() in [APP/models/setting.php, line 49]
2009-11-04 19:41:24 Warning: Warning (2): sqlite_query() [<a href='http://php.net/function.sqlite-query'>function.sqlite-query</a>]: database schema has changed in [CORE/cake/libs/model/datasources/dbo/dbo_sqlite.php, line 137]
2009-11-04 19:41:24 Warning: Warning (512): <span style = "color:Red;text-align:left"><b>SQL Error:</b> 17: database schema has changed</span> in [CORE/cake/libs/model/datasources/dbo_source.php, line 512]
2009-11-04 19:41:24 Warning: Warning (2): Invalid argument supplied for foreach() in [APP/plugins/forum/views/elements/threadsTable.ctp, line 6]
2009-11-04 19:41:24 Warning: Warning (2): Invalid argument supplied for foreach() in [APP/views/layouts/default.ctp, line 43]
2009-11-04 19:41:25 Warning: Warning (2): sqlite_query() [<a href='http://php.net/function.sqlite-query'>function.sqlite-query</a>]: database schema has changed in [CORE/cake/libs/model/datasources/dbo/dbo_sqlite.php, line 137]
2009-11-04 19:41:25 Warning: Warning (512): <span style = "color:Red;text-align:left"><b>SQL Error:</b> 17: database schema has changed</span> in [CORE/cake/libs/model/datasources/dbo_source.php, line 512]
2009-11-04 19:41:25 Warning: Warning (2): Invalid argument supplied for foreach() in [APP/models/setting.php, line 49]
2009-11-04 19:41:39 Warning: Warning (2): sqlite_query() [<a href='http://php.net/function.sqlite-query'>function.sqlite-query</a>]: database schema has changed in [CORE/cake/libs/model/datasources/dbo/dbo_sqlite.php, line 137]
2009-11-04 19:41:39 Warning: Warning (512): <span style = "color:Red;text-align:left"><b>SQL Error:</b> 17: database schema has changed</span> in [CORE/cake/libs/model/datasources/dbo_source.php, line 512]
2009-11-04 19:41:39 Warning: Warning (2): Invalid argument supplied for foreach() in [APP/models/setting.php, line 49]
2009-11-04 19:42:17 Warning: Warning (2): sqlite_query() [<a href='http://php.net/function.sqlite-query'>function.sqlite-query</a>]: database schema has changed in [CORE/cake/libs/model/datasources/dbo/dbo_sqlite.php, line 137]
2009-11-04 19:42:17 Warning: Warning (512): <span style = "color:Red;text-align:left"><b>SQL Error:</b> 17: database schema has changed</span> in [CORE/cake/libs/model/datasources/dbo_source.php, line 512]
2009-11-04 19:42:17 Warning: Warning (2): Invalid argument supplied for foreach() in [APP/views/layouts/default.ctp, line 43]
2009-11-04 19:42:28 Warning: Warning (2): sqlite_query() [<a href='http://php.net/function.sqlite-query'>function.sqlite-query</a>]: database schema has changed in [CORE/cake/libs/model/datasources/dbo/dbo_sqlite.php, line 137]
2009-11-04 19:42:28 Warning: Warning (512): <span style = "color:Red;text-align:left"><b>SQL Error:</b> 17: database schema has changed</span> in [CORE/cake/libs/model/datasources/dbo_source.php, line 512]
2009-11-04 19:42:28 Warning: Warning (2): Invalid argument supplied for foreach() in [APP/models/setting.php, line 49]
2009-11-04 19:42:30 Warning: Warning (2): sqlite_query() [<a href='http://php.net/function.sqlite-query'>function.sqlite-query</a>]: database schema has changed in [CORE/cake/libs/model/datasources/dbo/dbo_sqlite.php, line 137]
2009-11-04 19:42:30 Warning: Warning (512): <span style = "color:Red;text-align:left"><b>SQL Error:</b> 17: database schema has changed</span> in [CORE/cake/libs/model/datasources/dbo_source.php, line 512]
2009-11-04 19:42:30 Warning: Warning (2): Invalid argument supplied for foreach() in [APP/models/setting.php, line 49]
2009-11-04 20:10:43 Warning: Warning (2): sqlite_query() [<a href='http://php.net/function.sqlite-query'>function.sqlite-query</a>]: database schema has changed in [CORE/cake/libs/model/datasources/dbo/dbo_sqlite.php, line 137]
2009-11-04 20:10:43 Warning: Warning (512): <span style = "color:Red;text-align:left"><b>SQL Error:</b> 17: database schema has changed</span> in [CORE/cake/libs/model/datasources/dbo_source.php, line 512]
2009-11-04 20:10:43 Warning: Warning (2): Invalid argument supplied for foreach() in [APP/models/setting.php, line 49]
2009-11-04 20:11:16 Warning: Warning (2): sqlite_query() [<a href='http://php.net/function.sqlite-query'>function.sqlite-query</a>]: database schema has changed in [CORE/cake/libs/model/datasources/dbo/dbo_sqlite.php, line 137]
2009-11-04 20:11:16 Warning: Warning (2): sqlite_query() [<a href='http://php.net/function.sqlite-query'>function.sqlite-query</a>]: database schema has changed in [CORE/cake/libs/model/datasources/dbo/dbo_sqlite.php, line 137]
2009-11-04 20:11:16 Warning: Warning (512): <span style = "color:Red;text-align:left"><b>SQL Error:</b> 17: database schema has changed</span> in [CORE/cake/libs/model/datasources/dbo_source.php, line 512]
2009-11-04 20:11:16 Warning: Warning (2): Invalid argument supplied for foreach() in [APP/models/setting.php, line 49]
2009-11-04 20:11:16 Warning: Warning (512): <span style = "color:Red;text-align:left"><b>SQL Error:</b> 17: database schema has changed</span> in [CORE/cake/libs/model/datasources/dbo_source.php, line 512]
2009-11-04 20:11:16 Warning: Warning (2): Invalid argument supplied for foreach() in [APP/models/setting.php, line 49]
2009-11-04 20:30:02 Warning: Warning (2): fopen(/var/www/manjuu-0.1/app/tmp/cache/persistent/cake_core_dir_map) [<a href='http://php.net/function.fopen'>function.fopen</a>]: failed to open stream: Permission denied in [CORE/cake/libs/file.php, line 146]
2009-11-04 20:30:02 Warning: Warning (2): fopen(/var/www/manjuu-0.1/app/tmp/cache/persistent/cake_core_file_map) [<a href='http://php.net/function.fopen'>function.fopen</a>]: failed to open stream: Permission denied in [CORE/cake/libs/file.php, line 146]
2009-11-06 12:49:19 Warning: Warning (2): Invalid argument supplied for foreach() in [APP/views/layouts/default.ctp, line 43]
2009-11-21 05:29:37 Warning: Warning (2): unlink(/var/www/manjuu-0.1/app/tmp/cache/persistent/cake_core_object_map) [<a href='http://php.net/function.unlink'>function.unlink</a>]: No such file or directory in [CORE/cake/libs/file.php, line 278]
2009-11-21 05:30:02 Warning: Warning (2): fopen(/var/www/manjuu-0.1/app/tmp/cache/models/cake_model_default_pages) [<a href='http://php.net/function.fopen'>function.fopen</a>]: failed to open stream: Permission denied in [CORE/cake/libs/file.php, line 156]
2009-11-21 05:30:02 Warning: Warning (2): fopen(/var/www/manjuu-0.1/app/tmp/cache/persistent/cake_core_object_map) [<a href='http://php.net/function.fopen'>function.fopen</a>]: failed to open stream: Permission denied in [CORE/cake/libs/file.php, line 156]
2009-11-21 05:30:02 Warning: Warning (2): fopen(/var/www/manjuu-0.1/app/tmp/cache/persistent/cake_core_dir_map) [<a href='http://php.net/function.fopen'>function.fopen</a>]: failed to open stream: Permission denied in [CORE/cake/libs/file.php, line 156]
2009-11-21 05:30:02 Warning: Warning (2): fopen(/var/www/manjuu-0.1/app/tmp/cache/persistent/cake_core_file_map) [<a href='http://php.net/function.fopen'>function.fopen</a>]: failed to open stream: Permission denied in [CORE/cake/libs/file.php, line 156]
2009-11-23 18:17:07 Warning: Warning (2): Invalid argument supplied for foreach() in [APP/views/layouts/default.ctp, line 43]
2009-11-23 18:20:45 Warning: Warning (2): Invalid argument supplied for foreach() in [APP/views/layouts/default.ctp, line 43]
2009-11-23 18:30:06 Warning: Warning (2): Invalid argument supplied for foreach() in [APP/views/layouts/default.ctp, line 43]
2009-11-23 18:31:25 Warning: Warning (2): Invalid argument supplied for foreach() in [APP/views/layouts/default.ctp, line 43]
2009-11-23 18:34:32 Warning: Warning (2): Invalid argument supplied for foreach() in [APP/views/layouts/default.ctp, line 43]
2009-11-23 18:34:41 Warning: Warning (2): Invalid argument supplied for foreach() in [APP/views/layouts/default.ctp, line 43]
2009-11-23 18:49:40 Warning: Warning (2): Invalid argument supplied for foreach() in [APP/views/layouts/default.ctp, line 43]
2009-11-23 18:49:44 Warning: Warning (2): Invalid argument supplied for foreach() in [APP/views/layouts/default.ctp, line 43]
2010-03-04 18:30:32 Warning: Warning (2): Invalid argument supplied for foreach() in [APP\views\layouts\default.ctp, line 43]
2010-03-04 20:49:41 Warning: Warning (2): Cannot modify header information - headers already sent by (output started at C:\Pocky_COAS\sites\lovelife_job\app\controllers\components\admin_auth.php:61) in [CORE\cake\libs\controller\controller.php, line 647]
2010-03-04 20:51:43 Warning: Warning (2): Invalid argument supplied for foreach() in [APP\views\layouts\default.ctp, line 43]
